<?xml version="1.0" encoding="UTF-8" ?>
<testsuite errors="0" failures="0" name="org.jboss.el.TestEvaluation" tests="5" time="1276.141">
  <properties>
[...]
</properties>
  <testcase classname="org.jboss.el.TestEvaluation" name="testListeners" time="161.813"></testcase>
  <testcase classname="org.jboss.el.TestEvaluation" name="testSetters" time="284.36"></testcase>
  <testcase classname="org.jboss.el.TestEvaluation" name="testEvaluation" time="552.609"></testcase>
  <testcase classname="org.jboss.el.TestEvaluation" name="testMethodExpressions" time="276.484"></testcase>
  <testcase classname="org.jboss.el.TestEvaluation" name="testHashCodes" time="0.016"></testcase>
  <system-out><![CDATA[New [3.2422] #{company.departments.{x|x.employees}.{x|x.sayHello}} [Hello Holden, my name is Sue Ellen, Hello Holden, my name is Mary Scooner, Hello Holden, my name is Ed Burns, Hello Holden, my name is Ryan Lubke, Hello Holden, my name is Roger Kitain]
New [3.1984] #{company.departments.{x|x.employees}.{x|x.sayHello}} [Hello Holden, my name is Sue Ellen, Hello Holden, my name is Mary Scooner, Hello Holden, my name is Ed Burns, Hello Holden, my name is Ryan Lubke, Hello Holden, my name is Roger Kitain]
New [3.2] #{company.departments.{x|x.employees}.{x|x.sayHello}} [Hello Holden, my name is Sue Ellen, Hello Holden, my name is Mary Scooner, Hello Holden, my name is Ed Burns, Hello Holden, my name is Ryan Lubke, Hello Holden, my name is Roger Kitain]
New [3.1922] #{company.departments.{x|x.employees}.{x|x.sayHello}} [Hello Holden, my name is Sue Ellen, Hello Holden, my name is Mary Scooner, Hello Holden, my name is Ed Burns, Hello Holden, my name is Ryan Lubke, Hello Holden, my name is Roger Kitain]
New [3.2031] #{company.departments.{x|x.employees}.{x|x.sayHello}} [Hello Holden, my name is Sue Ellen, Hello Holden, my name is Mary Scooner, Hello Holden, my name is Ed Burns, Hello Holden, my name is Ryan Lubke, Hello Holden, my name is Roger Kitain]
New [2.8438] #{company.departments.{x|x.employees}.{x|x.lastName}} [Hookom, Hookom, Hookom, Hookom, Hookom]
New [2.9657] #{company.departments.{x|x.employees.{x|x.lastName}}} [Holden, Holden, Holden, Holden, Holden]
New [2.8094] #{company.departments.{x|x.employees}.{x|x.lastName}} [Hookom, Hookom, Hookom, Hookom, Hookom]
New [2.8187] #{company.departments.{x|x.employees.{x|x.lastName}}} [Holden, Holden, Holden, Holden, Holden]
New [2.8016] #{company.departments.{x|x.employees}.{x|x.lastName}} [Hookom, Hookom, Hookom, Hookom, Hookom]
New [2.8297] #{company.departments.{x|x.employees.{x|x.lastName}}} [Holden, Holden, Holden, Holden, Holden]
New [2.8047] #{company.departments.{x|x.employees}.{x|x.lastName}} [Hookom, Hookom, Hookom, Hookom, Hookom]
New [2.8188] #{company.departments.{x|x.employees.{x|x.lastName}}} [Holden, Holden, Holden, Holden, Holden]
New [2.8046] #{company.departments.{x|x.employees}.{x|x.lastName}} [Hookom, Hookom, Hookom, Hookom, Hookom]
New [2.9188] #{company.departments.{x|x.employees.{x|x.lastName}}} [Holden, Holden, Holden, Holden, Holden]
New [0.35] #{company.departments} [Department[HR], Department[RD]]
New [0.3734] #{company.getDepartments()} [Department[HR], Department[RD]]
New [2.1172] #{company.departments.{x|x.director}.{x|x.firstName}} [Aubrey, Adam]
New [3.1922] #{company.departments.{x|x.employees.{x|x.lastName}}} [Ellen, Scooner, Burns, Lubke, Kitain]
New [4.8156] #{company.departments.{x|x.employees.{x|x.sayHello(name)}}} [Hello Jacob, my name is Sue Ellen, Hello Jacob, my name is Mary Scooner, Hello Jacob, my name is Ed Burns, Hello Jacob, my name is Ryan Lubke, Hello Jacob, my name is Roger Kitain]
New [0.375] #{company.departments} [Department[HR], Department[RD]]
New [0.4078] #{company.getDepartments()} [Department[HR], Department[RD]]
New [2.325] #{company.departments.{x|x.director}.{x|x.firstName}} [Aubrey, Adam]
New [3.3312] #{company.departments.{x|x.employees.{x|x.lastName}}} [Ellen, Scooner, Burns, Lubke, Kitain]
New [5.6829] #{company.departments.{x|x.employees.{x|x.sayHello(name)}}} [Hello Jacob, my name is Sue Ellen, Hello Jacob, my name is Mary Scooner, Hello Jacob, my name is Ed Burns, Hello Jacob, my name is Ryan Lubke, Hello Jacob, my name is Roger Kitain]
New [0.4343] #{company.departments} [Department[HR], Department[RD]]
New [0.5547] #{company.getDepartments()} [Department[HR], Department[RD]]
New [2.0688] #{company.departments.{x|x.director}.{x|x.firstName}} [Aubrey, Adam]
New [3.0282] #{company.departments.{x|x.employees.{x|x.lastName}}} [Ellen, Scooner, Burns, Lubke, Kitain]
New [5.1016] #{company.departments.{x|x.employees.{x|x.sayHello(name)}}} [Hello Jacob, my name is Sue Ellen, Hello Jacob, my name is Mary Scooner, Hello Jacob, my name is Ed Burns, Hello Jacob, my name is Ryan Lubke, Hello Jacob, my name is Roger Kitain]
New [0.3844] #{company.departments} [Department[HR], Department[RD]]
New [0.3953] #{company.getDepartments()} [Department[HR], Department[RD]]
New [1.8797] #{company.departments.{x|x.director}.{x|x.firstName}} [Aubrey, Adam]
New [3.1406] #{company.departments.{x|x.employees.{x|x.lastName}}} [Ellen, Scooner, Burns, Lubke, Kitain]
New [4.8469] #{company.departments.{x|x.employees.{x|x.sayHello(name)}}} [Hello Jacob, my name is Sue Ellen, Hello Jacob, my name is Mary Scooner, Hello Jacob, my name is Ed Burns, Hello Jacob, my name is Ryan Lubke, Hello Jacob, my name is Roger Kitain]
New [0.3625] #{company.departments} [Department[HR], Department[RD]]
New [0.3735] #{company.getDepartments()} [Department[HR], Department[RD]]
New [1.9156] #{company.departments.{x|x.director}.{x|x.firstName}} [Aubrey, Adam]
New [3.0078] #{company.departments.{x|x.employees.{x|x.lastName}}} [Ellen, Scooner, Burns, Lubke, Kitain]
New [4.775] #{company.departments.{x|x.employees.{x|x.sayHello(name)}}} [Hello Jacob, my name is Sue Ellen, Hello Jacob, my name is Mary Scooner, Hello Jacob, my name is Ed Burns, Hello Jacob, my name is Ryan Lubke, Hello Jacob, my name is Roger Kitain]
New [1.375] #{company.departments[0].employees[0].sayHello(name)} Hello Jacob, my name is Sue Ellen
New [1.386] #{company.departments[0].employees[1].sayHello(name)} Hello Jacob, my name is Mary Scooner
New [1.3766] #{company.departments[1].employees[0].sayHello(name)} Hello Jacob, my name is Ed Burns
New [1.3672] #{company.departments[1].employees[1].sayHello(name)} Hello Jacob, my name is Ryan Lubke
New [1.4125] #{company.departments[0].employees[0].sayHello(name)} Hello Jacob, my name is Sue Ellen
New [1.3797] #{company.departments[0].employees[1].sayHello(name)} Hello Jacob, my name is Mary Scooner
New [1.3718] #{company.departments[1].employees[0].sayHello(name)} Hello Jacob, my name is Ed Burns
New [1.3938] #{company.departments[1].employees[1].sayHello(name)} Hello Jacob, my name is Ryan Lubke
New [1.3828] #{company.departments[0].employees[0].sayHello(name)} Hello Jacob, my name is Sue Ellen
New [1.375] #{company.departments[0].employees[1].sayHello(name)} Hello Jacob, my name is Mary Scooner
New [1.3875] #{company.departments[1].employees[0].sayHello(name)} Hello Jacob, my name is Ed Burns
New [1.3922] #{company.departments[1].employees[1].sayHello(name)} Hello Jacob, my name is Ryan Lubke
New [1.3734] #{company.departments[0].employees[0].sayHello(name)} Hello Jacob, my name is Sue Ellen
New [1.3906] #{company.departments[0].employees[1].sayHello(name)} Hello Jacob, my name is Mary Scooner
New [1.3719] #{company.departments[1].employees[0].sayHello(name)} Hello Jacob, my name is Ed Burns
New [1.3734] #{company.departments[1].employees[1].sayHello(name)} Hello Jacob, my name is Ryan Lubke
New [1.3891] #{company.departments[0].employees[0].sayHello(name)} Hello Jacob, my name is Sue Ellen
New [1.375] #{company.departments[0].employees[1].sayHello(name)} Hello Jacob, my name is Mary Scooner
New [1.3766] #{company.departments[1].employees[0].sayHello(name)} Hello Jacob, my name is Ed Burns
New [1.3797] #{company.departments[1].employees[1].sayHello(name)} Hello Jacob, my name is Ryan Lubke
17103608
17103608
sun.misc.Launcher$AppClassLoader@1858610
25527824
25527824
25527824
]]></system-out>
  <system-err><![CDATA[]]></system-err>
</testsuite>
